[0704/173019.721:ERROR:process_reader_win.cc(123)] NtOpenThread: {Access Denied} A process has requested access to an object, but has not been granted those access rights. (0xc0000022)
[0704/173019.721:ERROR:process_reader_win.cc(123)] NtOpenThread: {Access Denied} A process has requested access to an object, but has not been granted those access rights. (0xc0000022)
[0704/173020.643:ERROR:exception_snapshot_win.cc(98)] thread ID 5388 not found in process
[0704/173020.643:ERROR:exception_snapshot_win.cc(98)] thread ID 7732 not found in process
[0705/002527.562:ERROR:process_reader_win.cc(123)] NtOpenThread: {Access Denied} A process has requested access to an object, but has not been granted those access rights. (0xc0000022)
[0705/002527.445:ERROR:process_reader_win.cc(123)] NtOpenThread: {Access Denied} A process has requested access to an object, but has not been granted those access rights. (0xc0000022)
[0705/002527.275:ERROR:process_reader_win.cc(123)] NtOpenThread: {Access Denied} A process has requested access to an object, but has not been granted those access rights. (0xc0000022)
[0705/002528.098:ERROR:exception_snapshot_win.cc(98)] thread ID 9740 not found in process
[0705/002528.098:ERROR:exception_snapshot_win.cc(98)] thread ID 8844 not found in process
[0705/002527.608:ERROR:process_reader_win.cc(123)] NtOpenThread: {Access Denied} A process has requested access to an object, but has not been granted those access rights. (0xc0000022)
[0705/002527.482:ERROR:process_reader_win.cc(123)] NtOpenThread: {Access Denied} A process has requested access to an object, but has not been granted those access rights. (0xc0000022)
[0705/002527.588:ERROR:process_reader_win.cc(123)] NtOpenThread: {Access Denied} A process has requested access to an object, but has not been granted those access rights. (0xc0000022)
[0705/002526.525:ERROR:scoped_process_suspend.cc(31)] NtSuspendProcess: An attempt was made to access an exiting process. (0xc000010a)
[0705/002527.330:ERROR:process_reader_win.cc(123)] NtOpenThread: {Access Denied} A process has requested access to an object, but has not been granted those access rights. (0xc0000022)
[0705/002527.509:ERROR:process_reader_win.cc(123)] NtOpenThread: {Access Denied} A process has requested access to an object, but has not been granted those access rights. (0xc0000022)
[0705/002527.490:ERROR:process_reader_win.cc(123)] NtOpenThread: {Access Denied} A process has requested access to an object, but has not been granted those access rights. (0xc0000022)
[0705/002527.406:ERROR:process_reader_win.cc(123)] NtOpenThread: {Access Denied} A process has requested access to an object, but has not been granted those access rights. (0xc0000022)
[0705/002528.099:ERROR:exception_snapshot_win.cc(98)] thread ID 564 not found in process
[0705/002528.099:ERROR:exception_snapshot_win.cc(98)] thread ID 4224 not found in process
[0705/002527.532:ERROR:process_reader_win.cc(123)] NtOpenThread: {Access Denied} A process has requested access to an object, but has not been granted those access rights. (0xc0000022)
[0705/002527.590:ERROR:process_reader_win.cc(123)] NtOpenThread: {Access Denied} A process has requested access to an object, but has not been granted those access rights. (0xc0000022)
[0705/002527.534:ERROR:process_reader_win.cc(123)] NtOpenThread: {Access Denied} A process has requested access to an object, but has not been granted those access rights. (0xc0000022)
[0705/002528.099:ERROR:exception_snapshot_win.cc(98)] thread ID 6436 not found in process
[0705/002528.099:ERROR:exception_snapshot_win.cc(98)] thread ID 7220 not found in process
[0705/002528.099:ERROR:exception_snapshot_win.cc(98)] thread ID 9400 not found in process
[0705/002528.099:ERROR:exception_snapshot_win.cc(98)] thread ID 3964 not found in process
[0705/002528.099:ERROR:exception_snapshot_win.cc(98)] thread ID 8148 not found in process
[0705/002528.099:ERROR:exception_snapshot_win.cc(98)] thread ID 9208 not found in process
[0705/002528.099:ERROR:exception_snapshot_win.cc(98)] thread ID 2064 not found in process
[0705/002528.099:ERROR:exception_snapshot_win.cc(98)] thread ID 4732 not found in process
[0705/002528.099:ERROR:exception_snapshot_win.cc(98)] thread ID 5352 not found in process
[0705/002528.099:ERROR:process_info.cc(118)] ReadProcessMemory bool __cdecl crashpad::(anonymous namespace)::ReadStruct(HANDLE, crashpad::WinVMAddress, T *) [T = crashpad::process_types::PEB<crashpad::process_types::internal::Traits64>]: Only part of a ReadProcessMemory or WriteProcessMemory request was completed. (0x12B)
[0705/002528.100:ERROR:process_info.cc(551)] ReadProcessData failed
[0705/002528.349:ERROR:scoped_process_suspend.cc(40)] NtResumeProcess: An attempt was made to access an exiting process. (0xc000010a)
[0705/002528.349:ERROR:scoped_process_suspend.cc(40)] NtResumeProcess: An attempt was made to access an exiting process. (0xc000010a)
[0705/002528.349:ERROR:scoped_process_suspend.cc(40)] NtResumeProcess: An attempt was made to access an exiting process. (0xc000010a)
[0705/002528.351:ERROR:scoped_process_suspend.cc(40)] NtResumeProcess: An attempt was made to access an exiting process. (0xc000010a)
